running install
running build
running build_py
running install_lib
creating /build/python2-instagram/pkg/python2-instagram/usr
creating /build/python2-instagram/pkg/python2-instagram/usr/lib
creating /build/python2-instagram/pkg/python2-instagram/usr/lib/python2.7
creating /build/python2-instagram/pkg/python2-instagram/usr/lib/python2.7/site-packages
creating /build/python2-instagram/pkg/python2-instagram/usr/lib/python2.7/site-packages/instagram
copying build/lib/instagram/__init__.py -> /build/python2-instagram/pkg/python2-instagram/usr/lib/python2.7/site-packages/instagram
copying build/lib/instagram/models.py -> /build/python2-instagram/pkg/python2-instagram/usr/lib/python2.7/site-packages/instagram
copying build/lib/instagram/bind.py -> /build/python2-instagram/pkg/python2-instagram/usr/lib/python2.7/site-packages/instagram
copying build/lib/instagram/json_import.py -> /build/python2-instagram/pkg/python2-instagram/usr/lib/python2.7/site-packages/instagram
copying build/lib/instagram/helper.py -> /build/python2-instagram/pkg/python2-instagram/usr/lib/python2.7/site-packages/instagram
copying build/lib/instagram/subscriptions.py -> /build/python2-instagram/pkg/python2-instagram/usr/lib/python2.7/site-packages/instagram
copying build/lib/instagram/client.py -> /build/python2-instagram/pkg/python2-instagram/usr/lib/python2.7/site-packages/instagram
copying build/lib/instagram/oauth2.py -> /build/python2-instagram/pkg/python2-instagram/usr/lib/python2.7/site-packages/instagram
byte-compiling /build/python2-instagram/pkg/python2-instagram/usr/lib/python2.7/site-packages/instagram/__init__.py to __init__.pyc
byte-compiling /build/python2-instagram/pkg/python2-instagram/usr/lib/python2.7/site-packages/instagram/models.py to models.pyc
byte-compiling /build/python2-instagram/pkg/python2-instagram/usr/lib/python2.7/site-packages/instagram/bind.py to bind.pyc
byte-compiling /build/python2-instagram/pkg/python2-instagram/usr/lib/python2.7/site-packages/instagram/json_import.py to json_import.pyc
byte-compiling /build/python2-instagram/pkg/python2-instagram/usr/lib/python2.7/site-packages/instagram/helper.py to helper.pyc
byte-compiling /build/python2-instagram/pkg/python2-instagram/usr/lib/python2.7/site-packages/instagram/subscriptions.py to subscriptions.pyc
byte-compiling /build/python2-instagram/pkg/python2-instagram/usr/lib/python2.7/site-packages/instagram/client.py to client.pyc
byte-compiling /build/python2-instagram/pkg/python2-instagram/usr/lib/python2.7/site-packages/instagram/oauth2.py to oauth2.pyc
running install_egg_info
running egg_info
creating python_instagram.egg-info
writing requirements to python_instagram.egg-info/requires.txt
writing python_instagram.egg-info/PKG-INFO
writing top-level names to python_instagram.egg-info/top_level.txt
writing dependency_links to python_instagram.egg-info/dependency_links.txt
writing manifest file 'python_instagram.egg-info/SOURCES.txt'
reading manifest file 'python_instagram.egg-info/SOURCES.txt'
writing manifest file 'python_instagram.egg-info/SOURCES.txt'
Copying python_instagram.egg-info to /build/python2-instagram/pkg/python2-instagram/usr/lib/python2.7/site-packages/python_instagram-0.8.0-py2.7.egg-info
running install_scripts
